<?xml version="1.0" encoding="UTF-8"?>
<testsuite name="com.username.FirstNametest" tests="1" skipped="0" failures="0" errors="0" timestamp="2019-11-23T05:28:43" hostname="admin142-desktop" time="0.002">
  <properties/>
  <testcase name="givenMobileNumber_WhenPassedOtherThanNumeric_ReturnFalse" classname="com.username.FirstNametest" time="0.002"/>
  <system-out><![CDATA[]]></system-out>
  <system-err><![CDATA[]]></system-err>
</testsuite>
