<?xml version="1.0" encoding="UTF-8"?>
<testsuite name="com.username.FirstNametest" tests="12" skipped="0" failures="0" errors="0" timestamp="2019-11-22T13:40:05" hostname="admin142-desktop" time="0.006">
  <properties/>
  <testcase name="givenMessage_whenLastNameLengthTwo_shouldReturnFalse" classname="com.username.FirstNametest" time="0.003"/>
  <testcase name="givenMessage_whenLastNameContainOnlyDigit_shouldReturnFalse" classname="com.username.FirstNametest" time="0.0"/>
  <testcase name="givenMessage_whenLastNameIsCorrectformat_shouldReturnTrue" classname="com.username.FirstNametest" time="0.0"/>
  <testcase name="givenMessage_whenLastNameContainStartwithSmallcharacter_shouldReturnFalse" classname="com.username.FirstNametest" time="0.0"/>
  <testcase name="givenMessage_whenFirstNameIsCorrectformat_shouldReturnTrue" classname="com.username.FirstNametest" time="0.0"/>
  <testcase name="givenMessage_whenFirstNameLengthTwo_shouldReturnFalse" classname="com.username.FirstNametest" time="0.0"/>
  <testcase name="givenMessage_whenFirstNameContainsSpecialCharacter_shouldReturnFalse" classname="com.username.FirstNametest" time="0.0"/>
  <testcase name="givenMessage_whenLastNameContainsSpecialCharacter_shouldReturnFalse" classname="com.username.FirstNametest" time="0.0"/>
  <testcase name="givenMessage_whenLastNameContainsDigits_shouldReturnFalse" classname="com.username.FirstNametest" time="0.0"/>
  <testcase name="givenMessage_whenFirstNameContainOnlyDigit_shouldReturnFalse" classname="com.username.FirstNametest" time="0.0"/>
  <testcase name="givenMessage_whenFirstNameContainsDigits_shouldReturnFalse" classname="com.username.FirstNametest" time="0.0"/>
  <testcase name="givenMessage_whenFirstNameContainStartwithSmallcharacter_shouldReturnFalse" classname="com.username.FirstNametest" time="0.0"/>
  <system-out><![CDATA[]]></system-out>
  <system-err><![CDATA[]]></system-err>
</testsuite>
